<?xml version="1.0" encoding="UTF-8"?>
<beans xmlns="http://www.springframework.org/schema/beans"
       xmlns:xsi="http://www.w3.org/2001/XMLSchema-instance"
       xsi:schemaLocation="http://www.springframework.org/schema/beans http://www.springframework.org/schema/beans/spring-beans.xsd">

    <bean id="sample1" class="com.lyj.springdemo.sample.SampleDTO">
        <property name="name" value="홍길동"/>
        <property name="age" value="20"/>
        <property name="hobby">
            <list>
                <value>게임</value>
                <value>자전거타기</value>
                <value>수영</value>
            </list>
        </property>
    </bean>
    <bean id="sample2" class="com.lyj.springdemo.sample.SampleDTO">
        <property name="name" value="이순신"/>
        <property name="age" value="30"/>
        <property name="hobby">
            <list>
                <value>테니스</value>
                <value>트렉킹</value>
                <value>러닝</value>
            </list>
        </property>
    </bean>
</beans>